<?xml version="1.0" encoding="UTF-8"?>
<testsuite xmlns:xsi="http://www.w3.org/2001/XMLSchema-instance" xsi:noNamespaceSchemaLocation="https://maven.apache.org/surefire/maven-surefire-plugin/xsd/surefire-test-report-3.0.xsd" version="3.0" name="TestSuite" time="4.008" tests="1" errors="0" skipped="0" failures="0">
  <properties>
    <property name="java.specification.version" value="21"/>
    <property name="sun.cpu.isalist" value="amd64"/>
    <property name="sun.jnu.encoding" value="Cp1252"/>
    <property name="java.class.path" value="C:\Users\Joyce\Java_Baidu\baidu-edge-test\target\test-classes;C:\Users\Joyce\Java_Baidu\baidu-edge-test\target\classes;C:\Users\Joyce\.m2\repository\org\seleniumhq\selenium\selenium-java\4.16.1\selenium-java-4.16.1.jar;C:\Users\Joyce\.m2\repository\org\seleniumhq\selenium\selenium-api\4.16.1\selenium-api-4.16.1.jar;C:\Users\Joyce\.m2\repository\org\seleniumhq\selenium\selenium-chrome-driver\4.16.1\selenium-chrome-driver-4.16.1.jar;C:\Users\Joyce\.m2\repository\com\google\auto\service\auto-service-annotations\1.1.1\auto-service-annotations-1.1.1.jar;C:\Users\Joyce\.m2\repository\org\seleniumhq\selenium\selenium-chromium-driver\4.16.1\selenium-chromium-driver-4.16.1.jar;C:\Users\Joyce\.m2\repository\org\seleniumhq\selenium\selenium-json\4.16.1\selenium-json-4.16.1.jar;C:\Users\Joyce\.m2\repository\org\seleniumhq\selenium\selenium-manager\4.16.1\selenium-manager-4.16.1.jar;C:\Users\Joyce\.m2\repository\org\seleniumhq\selenium\selenium-devtools-v118\4.16.1\selenium-devtools-v118-4.16.1.jar;C:\Users\Joyce\.m2\repository\org\seleniumhq\selenium\selenium-devtools-v119\4.16.1\selenium-devtools-v119-4.16.1.jar;C:\Users\Joyce\.m2\repository\org\seleniumhq\selenium\selenium-devtools-v120\4.16.1\selenium-devtools-v120-4.16.1.jar;C:\Users\Joyce\.m2\repository\org\seleniumhq\selenium\selenium-devtools-v85\4.16.1\selenium-devtools-v85-4.16.1.jar;C:\Users\Joyce\.m2\repository\org\seleniumhq\selenium\selenium-edge-driver\4.16.1\selenium-edge-driver-4.16.1.jar;C:\Users\Joyce\.m2\repository\org\seleniumhq\selenium\selenium-firefox-driver\4.16.1\selenium-firefox-driver-4.16.1.jar;C:\Users\Joyce\.m2\repository\org\seleniumhq\selenium\selenium-http\4.16.1\selenium-http-4.16.1.jar;C:\Users\Joyce\.m2\repository\dev\failsafe\failsafe\3.3.2\failsafe-3.3.2.jar;C:\Users\Joyce\.m2\repository\org\seleniumhq\selenium\selenium-ie-driver\4.16.1\selenium-ie-driver-4.16.1.jar;C:\Users\Joyce\.m2\repository\org\seleniumhq\selenium\selenium-remote-driver\4.16.1\selenium-remote-driver-4.16.1.jar;C:\Users\Joyce\.m2\repository\com\google\guava\guava\32.1.2-jre\guava-32.1.2-jre.jar;C:\Users\Joyce\.m2\repository\com\google\guava\failureaccess\1.0.1\failureaccess-1.0.1.jar;C:\Users\Joyce\.m2\repository\com\google\guava\listenablefuture\9999.0-empty-to-avoid-conflict-with-guava\listenablefuture-9999.0-empty-to-avoid-conflict-with-guava.jar;C:\Users\Joyce\.m2\repository\com\google\code\findbugs\jsr305\3.0.2\jsr305-3.0.2.jar;C:\Users\Joyce\.m2\repository\org\checkerframework\checker-qual\3.33.0\checker-qual-3.33.0.jar;C:\Users\Joyce\.m2\repository\com\google\errorprone\error_prone_annotations\2.18.0\error_prone_annotations-2.18.0.jar;C:\Users\Joyce\.m2\repository\com\google\j2objc\j2objc-annotations\2.8\j2objc-annotations-2.8.jar;C:\Users\Joyce\.m2\repository\io\opentelemetry\opentelemetry-api\1.28.0\opentelemetry-api-1.28.0.jar;C:\Users\Joyce\.m2\repository\io\opentelemetry\opentelemetry-context\1.28.0\opentelemetry-context-1.28.0.jar;C:\Users\Joyce\.m2\repository\io\opentelemetry\opentelemetry-exporter-logging\1.28.0\opentelemetry-exporter-logging-1.28.0.jar;C:\Users\Joyce\.m2\repository\io\opentelemetry\opentelemetry-sdk-metrics\1.28.0\opentelemetry-sdk-metrics-1.28.0.jar;C:\Users\Joyce\.m2\repository\io\opentelemetry\opentelemetry-extension-incubator\1.28.0-alpha\opentelemetry-extension-incubator-1.28.0-alpha.jar;C:\Users\Joyce\.m2\repository\io\opentelemetry\opentelemetry-sdk-logs\1.28.0\opentelemetry-sdk-logs-1.28.0.jar;C:\Users\Joyce\.m2\repository\io\opentelemetry\opentelemetry-sdk-common\1.28.0\opentelemetry-sdk-common-1.28.0.jar;C:\Users\Joyce\.m2\repository\io\opentelemetry\opentelemetry-sdk-extension-autoconfigure-spi\1.28.0\opentelemetry-sdk-extension-autoconfigure-spi-1.28.0.jar;C:\Users\Joyce\.m2\repository\io\opentelemetry\opentelemetry-sdk-extension-autoconfigure\1.28.0\opentelemetry-sdk-extension-autoconfigure-1.28.0.jar;C:\Users\Joyce\.m2\repository\io\opentelemetry\opentelemetry-api-events\1.28.0-alpha\opentelemetry-api-events-1.28.0-alpha.jar;C:\Users\Joyce\.m2\repository\io\opentelemetry\opentelemetry-sdk-trace\1.28.0\opentelemetry-sdk-trace-1.28.0.jar;C:\Users\Joyce\.m2\repository\io\opentelemetry\opentelemetry-sdk\1.28.0\opentelemetry-sdk-1.28.0.jar;C:\Users\Joyce\.m2\repository\io\opentelemetry\opentelemetry-semconv\1.28.0-alpha\opentelemetry-semconv-1.28.0-alpha.jar;C:\Users\Joyce\.m2\repository\net\bytebuddy\byte-buddy\1.14.5\byte-buddy-1.14.5.jar;C:\Users\Joyce\.m2\repository\org\seleniumhq\selenium\selenium-os\4.16.1\selenium-os-4.16.1.jar;C:\Users\Joyce\.m2\repository\org\seleniumhq\selenium\selenium-safari-driver\4.16.1\selenium-safari-driver-4.16.1.jar;C:\Users\Joyce\.m2\repository\org\seleniumhq\selenium\selenium-support\4.16.1\selenium-support-4.16.1.jar;C:\Users\Joyce\.m2\repository\io\github\bonigarcia\webdrivermanager\5.6.3\webdrivermanager-5.6.3.jar;C:\Users\Joyce\.m2\repository\org\slf4j\slf4j-api\2.0.10\slf4j-api-2.0.10.jar;C:\Users\Joyce\.m2\repository\com\google\code\gson\gson\2.10.1\gson-2.10.1.jar;C:\Users\Joyce\.m2\repository\com\github\docker-java\docker-java\3.3.4\docker-java-3.3.4.jar;C:\Users\Joyce\.m2\repository\com\github\docker-java\docker-java-core\3.3.4\docker-java-core-3.3.4.jar;C:\Users\Joyce\.m2\repository\com\github\docker-java\docker-java-api\3.3.4\docker-java-api-3.3.4.jar;C:\Users\Joyce\.m2\repository\commons-io\commons-io\2.13.0\commons-io-2.13.0.jar;C:\Users\Joyce\.m2\repository\org\bouncycastle\bcpkix-jdk18on\1.76\bcpkix-jdk18on-1.76.jar;C:\Users\Joyce\.m2\repository\org\bouncycastle\bcprov-jdk18on\1.76\bcprov-jdk18on-1.76.jar;C:\Users\Joyce\.m2\repository\org\bouncycastle\bcutil-jdk18on\1.76\bcutil-jdk18on-1.76.jar;C:\Users\Joyce\.m2\repository\org\slf4j\jcl-over-slf4j\1.7.30\jcl-over-slf4j-1.7.30.jar;C:\Users\Joyce\.m2\repository\com\github\docker-java\docker-java-transport-httpclient5\3.3.4\docker-java-transport-httpclient5-3.3.4.jar;C:\Users\Joyce\.m2\repository\com\github\docker-java\docker-java-transport\3.3.4\docker-java-transport-3.3.4.jar;C:\Users\Joyce\.m2\repository\net\java\dev\jna\jna\5.13.0\jna-5.13.0.jar;C:\Users\Joyce\.m2\repository\org\brotli\dec\0.1.2\dec-0.1.2.jar;C:\Users\Joyce\.m2\repository\org\apache\commons\commons-lang3\3.14.0\commons-lang3-3.14.0.jar;C:\Users\Joyce\.m2\repository\org\apache\commons\commons-compress\1.25.0\commons-compress-1.25.0.jar;C:\Users\Joyce\.m2\repository\org\apache\httpcomponents\client5\httpclient5\5.2.1\httpclient5-5.2.1.jar;C:\Users\Joyce\.m2\repository\org\apache\httpcomponents\core5\httpcore5\5.2\httpcore5-5.2.jar;C:\Users\Joyce\.m2\repository\org\apache\httpcomponents\core5\httpcore5-h2\5.2\httpcore5-h2-5.2.jar;C:\Users\Joyce\.m2\repository\org\testng\testng\7.8.0\testng-7.8.0.jar;C:\Users\Joyce\.m2\repository\com\beust\jcommander\1.82\jcommander-1.82.jar;C:\Users\Joyce\.m2\repository\org\webjars\jquery\3.6.1\jquery-3.6.1.jar;C:\Users\Joyce\.m2\repository\io\qameta\allure\allure-testng\2.24.0\allure-testng-2.24.0.jar;C:\Users\Joyce\.m2\repository\io\qameta\allure\allure-java-commons\2.24.0\allure-java-commons-2.24.0.jar;C:\Users\Joyce\.m2\repository\io\qameta\allure\allure-model\2.24.0\allure-model-2.24.0.jar;C:\Users\Joyce\.m2\repository\io\qameta\allure\allure-test-filter\2.24.0\allure-test-filter-2.24.0.jar;C:\Users\Joyce\.m2\repository\io\qameta\allure\allure-maven\2.12.0\allure-maven-2.12.0.jar;C:\Users\Joyce\.m2\repository\org\apache\httpcomponents\httpclient\4.5.13\httpclient-4.5.13.jar;C:\Users\Joyce\.m2\repository\org\apache\httpcomponents\httpcore\4.4.13\httpcore-4.4.13.jar;C:\Users\Joyce\.m2\repository\commons-logging\commons-logging\1.2\commons-logging-1.2.jar;C:\Users\Joyce\.m2\repository\commons-codec\commons-codec\1.11\commons-codec-1.11.jar;C:\Users\Joyce\.m2\repository\com\fasterxml\jackson\core\jackson-databind\2.14.0\jackson-databind-2.14.0.jar;C:\Users\Joyce\.m2\repository\com\fasterxml\jackson\core\jackson-annotations\2.14.0\jackson-annotations-2.14.0.jar;C:\Users\Joyce\.m2\repository\com\fasterxml\jackson\core\jackson-core\2.14.0\jackson-core-2.14.0.jar;C:\Users\Joyce\.m2\repository\org\apache\maven\maven-plugin-api\3.8.6\maven-plugin-api-3.8.6.jar;C:\Users\Joyce\.m2\repository\org\codehaus\plexus\plexus-utils\3.3.1\plexus-utils-3.3.1.jar;C:\Users\Joyce\.m2\repository\org\codehaus\plexus\plexus-classworlds\2.6.0\plexus-classworlds-2.6.0.jar;C:\Users\Joyce\.m2\repository\org\apache\maven\maven-core\3.8.6\maven-core-3.8.6.jar;C:\Users\Joyce\.m2\repository\org\apache\maven\maven-model\3.8.6\maven-model-3.8.6.jar;C:\Users\Joyce\.m2\repository\org\apache\maven\maven-settings\3.8.6\maven-settings-3.8.6.jar;C:\Users\Joyce\.m2\repository\org\apache\maven\maven-settings-builder\3.8.6\maven-settings-builder-3.8.6.jar;C:\Users\Joyce\.m2\repository\org\codehaus\plexus\plexus-sec-dispatcher\2.0\plexus-sec-dispatcher-2.0.jar;C:\Users\Joyce\.m2\repository\org\codehaus\plexus\plexus-cipher\2.0\plexus-cipher-2.0.jar;C:\Users\Joyce\.m2\repository\org\apache\maven\maven-builder-support\3.8.6\maven-builder-support-3.8.6.jar;C:\Users\Joyce\.m2\repository\org\apache\maven\maven-repository-metadata\3.8.6\maven-repository-metadata-3.8.6.jar;C:\Users\Joyce\.m2\repository\org\apache\maven\maven-artifact\3.8.6\maven-artifact-3.8.6.jar;C:\Users\Joyce\.m2\repository\org\apache\maven\maven-model-builder\3.8.6\maven-model-builder-3.8.6.jar;C:\Users\Joyce\.m2\repository\org\apache\maven\maven-resolver-provider\3.8.6\maven-resolver-provider-3.8.6.jar;C:\Users\Joyce\.m2\repository\org\apache\maven\resolver\maven-resolver-impl\1.6.3\maven-resolver-impl-1.6.3.jar;C:\Users\Joyce\.m2\repository\org\apache\maven\resolver\maven-resolver-api\1.6.3\maven-resolver-api-1.6.3.jar;C:\Users\Joyce\.m2\repository\org\apache\maven\resolver\maven-resolver-spi\1.6.3\maven-resolver-spi-1.6.3.jar;C:\Users\Joyce\.m2\repository\org\apache\maven\resolver\maven-resolver-util\1.6.3\maven-resolver-util-1.6.3.jar;C:\Users\Joyce\.m2\repository\org\apache\maven\shared\maven-shared-utils\3.3.4\maven-shared-utils-3.3.4.jar;C:\Users\Joyce\.m2\repository\org\eclipse\sisu\org.eclipse.sisu.plexus\0.3.5\org.eclipse.sisu.plexus-0.3.5.jar;C:\Users\Joyce\.m2\repository\javax\annotation\javax.annotation-api\1.2\javax.annotation-api-1.2.jar;C:\Users\Joyce\.m2\repository\org\eclipse\sisu\org.eclipse.sisu.inject\0.3.5\org.eclipse.sisu.inject-0.3.5.jar;C:\Users\Joyce\.m2\repository\com\google\inject\guice\4.2.2\guice-4.2.2-no_aop.jar;C:\Users\Joyce\.m2\repository\aopalliance\aopalliance\1.0\aopalliance-1.0.jar;C:\Users\Joyce\.m2\repository\javax\inject\javax.inject\1\javax.inject-1.jar;C:\Users\Joyce\.m2\repository\org\codehaus\plexus\plexus-interpolation\1.26\plexus-interpolation-1.26.jar;C:\Users\Joyce\.m2\repository\org\codehaus\plexus\plexus-component-annotations\2.1.0\plexus-component-annotations-2.1.0.jar;C:\Users\Joyce\.m2\repository\org\apache\maven\reporting\maven-reporting-impl\3.0.0\maven-reporting-impl-3.0.0.jar;C:\Users\Joyce\.m2\repository\org\apache\maven\reporting\maven-reporting-api\3.0\maven-reporting-api-3.0.jar;C:\Users\Joyce\.m2\repository\org\apache\maven\doxia\doxia-sink-api\1.7\doxia-sink-api-1.7.jar;C:\Users\Joyce\.m2\repository\org\apache\maven\doxia\doxia-logging-api\1.7\doxia-logging-api-1.7.jar;C:\Users\Joyce\.m2\repository\org\apache\maven\doxia\doxia-decoration-model\1.7.4\doxia-decoration-model-1.7.4.jar;C:\Users\Joyce\.m2\repository\org\apache\maven\doxia\doxia-core\1.7\doxia-core-1.7.jar;C:\Users\Joyce\.m2\repository\org\codehaus\plexus\plexus-container-default\1.0-alpha-30\plexus-container-default-1.0-alpha-30.jar;C:\Users\Joyce\.m2\repository\junit\junit\3.8.1\junit-3.8.1.jar;C:\Users\Joyce\.m2\repository\commons-lang\commons-lang\2.4\commons-lang-2.4.jar;C:\Users\Joyce\.m2\repository\xmlunit\xmlunit\1.5\xmlunit-1.5.jar;C:\Users\Joyce\.m2\repository\org\apache\maven\doxia\doxia-site-renderer\1.7.4\doxia-site-renderer-1.7.4.jar;C:\Users\Joyce\.m2\repository\org\apache\maven\doxia\doxia-skin-model\1.7.4\doxia-skin-model-1.7.4.jar;C:\Users\Joyce\.m2\repository\org\apache\maven\doxia\doxia-module-xhtml\1.7\doxia-module-xhtml-1.7.jar;C:\Users\Joyce\.m2\repository\org\codehaus\plexus\plexus-i18n\1.0-beta-7\plexus-i18n-1.0-beta-7.jar;C:\Users\Joyce\.m2\repository\org\codehaus\plexus\plexus-velocity\1.2\plexus-velocity-1.2.jar;C:\Users\Joyce\.m2\repository\org\apache\velocity\velocity\1.7\velocity-1.7.jar;C:\Users\Joyce\.m2\repository\org\apache\velocity\velocity-tools\2.0\velocity-tools-2.0.jar;C:\Users\Joyce\.m2\repository\commons-digester\commons-digester\1.8\commons-digester-1.8.jar;C:\Users\Joyce\.m2\repository\commons-chain\commons-chain\1.1\commons-chain-1.1.jar;C:\Users\Joyce\.m2\repository\commons-validator\commons-validator\1.3.1\commons-validator-1.3.1.jar;C:\Users\Joyce\.m2\repository\dom4j\dom4j\1.1\dom4j-1.1.jar;C:\Users\Joyce\.m2\repository\oro\oro\2.0.8\oro-2.0.8.jar;C:\Users\Joyce\.m2\repository\sslext\sslext\1.2-0\sslext-1.2-0.jar;C:\Users\Joyce\.m2\repository\org\apache\struts\struts-core\1.3.8\struts-core-1.3.8.jar;C:\Users\Joyce\.m2\repository\antlr\antlr\2.7.2\antlr-2.7.2.jar;C:\Users\Joyce\.m2\repository\org\apache\struts\struts-taglib\1.3.8\struts-taglib-1.3.8.jar;C:\Users\Joyce\.m2\repository\org\apache\struts\struts-tiles\1.3.8\struts-tiles-1.3.8.jar;C:\Users\Joyce\.m2\repository\org\apache\maven\shared\maven-artifact-transfer\0.13.1\maven-artifact-transfer-0.13.1.jar;C:\Users\Joyce\.m2\repository\org\apache\maven\shared\maven-common-artifact-filters\3.1.0\maven-common-artifact-filters-3.1.0.jar;C:\Users\Joyce\.m2\repository\org\sonatype\sisu\sisu-inject-plexus\1.4.2\sisu-inject-plexus-1.4.2.jar;C:\Users\Joyce\.m2\repository\org\sonatype\sisu\sisu-inject-bean\1.4.2\sisu-inject-bean-1.4.2.jar;C:\Users\Joyce\.m2\repository\org\sonatype\sisu\sisu-guice\2.1.7\sisu-guice-2.1.7-noaop.jar;C:\Users\Joyce\.m2\repository\commons-beanutils\commons-beanutils\1.9.4\commons-beanutils-1.9.4.jar;C:\Users\Joyce\.m2\repository\commons-collections\commons-collections\3.2.2\commons-collections-3.2.2.jar;C:\Users\Joyce\.m2\repository\net\lingala\zip4j\zip4j\1.3.3\zip4j-1.3.3.jar;C:\Users\Joyce\.m2\repository\org\apache\commons\commons-exec\1.3\commons-exec-1.3.jar;C:\Users\Joyce\.m2\repository\org\apache\maven\plugin-tools\maven-plugin-annotations\3.7.0\maven-plugin-annotations-3.7.0.jar;C:\Users\Joyce\.m2\repository\org\apache\maven\plugins\maven-jxr-plugin\3.3.0\maven-jxr-plugin-3.3.0.jar;C:\Users\Joyce\.m2\repository\org\apache\maven\maven-jxr\3.3.0\maven-jxr-3.3.0.jar;C:\Users\Joyce\.m2\repository\org\apache\maven\wagon\wagon-provider-api\2.8\wagon-provider-api-2.8.jar;C:\Users\Joyce\.m2\repository\org\codehaus\plexus\plexus-java\1.1.1\plexus-java-1.1.1.jar;C:\Users\Joyce\.m2\repository\org\ow2\asm\asm\9.2\asm-9.2.jar;C:\Users\Joyce\.m2\repository\com\thoughtworks\qdox\qdox\2.0.1\qdox-2.0.1.jar;"/>
    <property name="java.vm.vendor" value="Oracle Corporation"/>
    <property name="sun.arch.data.model" value="64"/>
    <property name="user.variant" value=""/>
    <property name="java.vendor.url" value="https://java.oracle.com/"/>
    <property name="user.timezone" value="Asia/Shanghai"/>
    <property name="os.name" value="Windows 11"/>
    <property name="java.vm.specification.version" value="21"/>
    <property name="sun.java.launcher" value="SUN_STANDARD"/>
    <property name="user.country" value="US"/>
    <property name="sun.boot.library.path" value="C:\Program Files\Java\jdk-21\bin"/>
    <property name="sun.java.command" value="C:\Users\Joyce\AppData\Local\Temp\surefire9290257210687933946\surefirebooter-20250302155513449_3.jar C:\Users\Joyce\AppData\Local\Temp\surefire9290257210687933946 2025-03-02T15-55-13_341-jvmRun1 surefire-20250302155513449_1tmp surefire_0-20250302155513449_2tmp"/>
    <property name="jdk.debug" value="release"/>
    <property name="surefire.test.class.path" value="C:\Users\Joyce\Java_Baidu\baidu-edge-test\target\test-classes;C:\Users\Joyce\Java_Baidu\baidu-edge-test\target\classes;C:\Users\Joyce\.m2\repository\org\seleniumhq\selenium\selenium-java\4.16.1\selenium-java-4.16.1.jar;C:\Users\Joyce\.m2\repository\org\seleniumhq\selenium\selenium-api\4.16.1\selenium-api-4.16.1.jar;C:\Users\Joyce\.m2\repository\org\seleniumhq\selenium\selenium-chrome-driver\4.16.1\selenium-chrome-driver-4.16.1.jar;C:\Users\Joyce\.m2\repository\com\google\auto\service\auto-service-annotations\1.1.1\auto-service-annotations-1.1.1.jar;C:\Users\Joyce\.m2\repository\org\seleniumhq\selenium\selenium-chromium-driver\4.16.1\selenium-chromium-driver-4.16.1.jar;C:\Users\Joyce\.m2\repository\org\seleniumhq\selenium\selenium-json\4.16.1\selenium-json-4.16.1.jar;C:\Users\Joyce\.m2\repository\org\seleniumhq\selenium\selenium-manager\4.16.1\selenium-manager-4.16.1.jar;C:\Users\Joyce\.m2\repository\org\seleniumhq\selenium\selenium-devtools-v118\4.16.1\selenium-devtools-v118-4.16.1.jar;C:\Users\Joyce\.m2\repository\org\seleniumhq\selenium\selenium-devtools-v119\4.16.1\selenium-devtools-v119-4.16.1.jar;C:\Users\Joyce\.m2\repository\org\seleniumhq\selenium\selenium-devtools-v120\4.16.1\selenium-devtools-v120-4.16.1.jar;C:\Users\Joyce\.m2\repository\org\seleniumhq\selenium\selenium-devtools-v85\4.16.1\selenium-devtools-v85-4.16.1.jar;C:\Users\Joyce\.m2\repository\org\seleniumhq\selenium\selenium-edge-driver\4.16.1\selenium-edge-driver-4.16.1.jar;C:\Users\Joyce\.m2\repository\org\seleniumhq\selenium\selenium-firefox-driver\4.16.1\selenium-firefox-driver-4.16.1.jar;C:\Users\Joyce\.m2\repository\org\seleniumhq\selenium\selenium-http\4.16.1\selenium-http-4.16.1.jar;C:\Users\Joyce\.m2\repository\dev\failsafe\failsafe\3.3.2\failsafe-3.3.2.jar;C:\Users\Joyce\.m2\repository\org\seleniumhq\selenium\selenium-ie-driver\4.16.1\selenium-ie-driver-4.16.1.jar;C:\Users\Joyce\.m2\repository\org\seleniumhq\selenium\selenium-remote-driver\4.16.1\selenium-remote-driver-4.16.1.jar;C:\Users\Joyce\.m2\repository\com\google\guava\guava\32.1.2-jre\guava-32.1.2-jre.jar;C:\Users\Joyce\.m2\repository\com\google\guava\failureaccess\1.0.1\failureaccess-1.0.1.jar;C:\Users\Joyce\.m2\repository\com\google\guava\listenablefuture\9999.0-empty-to-avoid-conflict-with-guava\listenablefuture-9999.0-empty-to-avoid-conflict-with-guava.jar;C:\Users\Joyce\.m2\repository\com\google\code\findbugs\jsr305\3.0.2\jsr305-3.0.2.jar;C:\Users\Joyce\.m2\repository\org\checkerframework\checker-qual\3.33.0\checker-qual-3.33.0.jar;C:\Users\Joyce\.m2\repository\com\google\errorprone\error_prone_annotations\2.18.0\error_prone_annotations-2.18.0.jar;C:\Users\Joyce\.m2\repository\com\google\j2objc\j2objc-annotations\2.8\j2objc-annotations-2.8.jar;C:\Users\Joyce\.m2\repository\io\opentelemetry\opentelemetry-api\1.28.0\opentelemetry-api-1.28.0.jar;C:\Users\Joyce\.m2\repository\io\opentelemetry\opentelemetry-context\1.28.0\opentelemetry-context-1.28.0.jar;C:\Users\Joyce\.m2\repository\io\opentelemetry\opentelemetry-exporter-logging\1.28.0\opentelemetry-exporter-logging-1.28.0.jar;C:\Users\Joyce\.m2\repository\io\opentelemetry\opentelemetry-sdk-metrics\1.28.0\opentelemetry-sdk-metrics-1.28.0.jar;C:\Users\Joyce\.m2\repository\io\opentelemetry\opentelemetry-extension-incubator\1.28.0-alpha\opentelemetry-extension-incubator-1.28.0-alpha.jar;C:\Users\Joyce\.m2\repository\io\opentelemetry\opentelemetry-sdk-logs\1.28.0\opentelemetry-sdk-logs-1.28.0.jar;C:\Users\Joyce\.m2\repository\io\opentelemetry\opentelemetry-sdk-common\1.28.0\opentelemetry-sdk-common-1.28.0.jar;C:\Users\Joyce\.m2\repository\io\opentelemetry\opentelemetry-sdk-extension-autoconfigure-spi\1.28.0\opentelemetry-sdk-extension-autoconfigure-spi-1.28.0.jar;C:\Users\Joyce\.m2\repository\io\opentelemetry\opentelemetry-sdk-extension-autoconfigure\1.28.0\opentelemetry-sdk-extension-autoconfigure-1.28.0.jar;C:\Users\Joyce\.m2\repository\io\opentelemetry\opentelemetry-api-events\1.28.0-alpha\opentelemetry-api-events-1.28.0-alpha.jar;C:\Users\Joyce\.m2\repository\io\opentelemetry\opentelemetry-sdk-trace\1.28.0\opentelemetry-sdk-trace-1.28.0.jar;C:\Users\Joyce\.m2\repository\io\opentelemetry\opentelemetry-sdk\1.28.0\opentelemetry-sdk-1.28.0.jar;C:\Users\Joyce\.m2\repository\io\opentelemetry\opentelemetry-semconv\1.28.0-alpha\opentelemetry-semconv-1.28.0-alpha.jar;C:\Users\Joyce\.m2\repository\net\bytebuddy\byte-buddy\1.14.5\byte-buddy-1.14.5.jar;C:\Users\Joyce\.m2\repository\org\seleniumhq\selenium\selenium-os\4.16.1\selenium-os-4.16.1.jar;C:\Users\Joyce\.m2\repository\org\seleniumhq\selenium\selenium-safari-driver\4.16.1\selenium-safari-driver-4.16.1.jar;C:\Users\Joyce\.m2\repository\org\seleniumhq\selenium\selenium-support\4.16.1\selenium-support-4.16.1.jar;C:\Users\Joyce\.m2\repository\io\github\bonigarcia\webdrivermanager\5.6.3\webdrivermanager-5.6.3.jar;C:\Users\Joyce\.m2\repository\org\slf4j\slf4j-api\2.0.10\slf4j-api-2.0.10.jar;C:\Users\Joyce\.m2\repository\com\google\code\gson\gson\2.10.1\gson-2.10.1.jar;C:\Users\Joyce\.m2\repository\com\github\docker-java\docker-java\3.3.4\docker-java-3.3.4.jar;C:\Users\Joyce\.m2\repository\com\github\docker-java\docker-java-core\3.3.4\docker-java-core-3.3.4.jar;C:\Users\Joyce\.m2\repository\com\github\docker-java\docker-java-api\3.3.4\docker-java-api-3.3.4.jar;C:\Users\Joyce\.m2\repository\commons-io\commons-io\2.13.0\commons-io-2.13.0.jar;C:\Users\Joyce\.m2\repository\org\bouncycastle\bcpkix-jdk18on\1.76\bcpkix-jdk18on-1.76.jar;C:\Users\Joyce\.m2\repository\org\bouncycastle\bcprov-jdk18on\1.76\bcprov-jdk18on-1.76.jar;C:\Users\Joyce\.m2\repository\org\bouncycastle\bcutil-jdk18on\1.76\bcutil-jdk18on-1.76.jar;C:\Users\Joyce\.m2\repository\org\slf4j\jcl-over-slf4j\1.7.30\jcl-over-slf4j-1.7.30.jar;C:\Users\Joyce\.m2\repository\com\github\docker-java\docker-java-transport-httpclient5\3.3.4\docker-java-transport-httpclient5-3.3.4.jar;C:\Users\Joyce\.m2\repository\com\github\docker-java\docker-java-transport\3.3.4\docker-java-transport-3.3.4.jar;C:\Users\Joyce\.m2\repository\net\java\dev\jna\jna\5.13.0\jna-5.13.0.jar;C:\Users\Joyce\.m2\repository\org\brotli\dec\0.1.2\dec-0.1.2.jar;C:\Users\Joyce\.m2\repository\org\apache\commons\commons-lang3\3.14.0\commons-lang3-3.14.0.jar;C:\Users\Joyce\.m2\repository\org\apache\commons\commons-compress\1.25.0\commons-compress-1.25.0.jar;C:\Users\Joyce\.m2\repository\org\apache\httpcomponents\client5\httpclient5\5.2.1\httpclient5-5.2.1.jar;C:\Users\Joyce\.m2\repository\org\apache\httpcomponents\core5\httpcore5\5.2\httpcore5-5.2.jar;C:\Users\Joyce\.m2\repository\org\apache\httpcomponents\core5\httpcore5-h2\5.2\httpcore5-h2-5.2.jar;C:\Users\Joyce\.m2\repository\org\testng\testng\7.8.0\testng-7.8.0.jar;C:\Users\Joyce\.m2\repository\com\beust\jcommander\1.82\jcommander-1.82.jar;C:\Users\Joyce\.m2\repository\org\webjars\jquery\3.6.1\jquery-3.6.1.jar;C:\Users\Joyce\.m2\repository\io\qameta\allure\allure-testng\2.24.0\allure-testng-2.24.0.jar;C:\Users\Joyce\.m2\repository\io\qameta\allure\allure-java-commons\2.24.0\allure-java-commons-2.24.0.jar;C:\Users\Joyce\.m2\repository\io\qameta\allure\allure-model\2.24.0\allure-model-2.24.0.jar;C:\Users\Joyce\.m2\repository\io\qameta\allure\allure-test-filter\2.24.0\allure-test-filter-2.24.0.jar;C:\Users\Joyce\.m2\repository\io\qameta\allure\allure-maven\2.12.0\allure-maven-2.12.0.jar;C:\Users\Joyce\.m2\repository\org\apache\httpcomponents\httpclient\4.5.13\httpclient-4.5.13.jar;C:\Users\Joyce\.m2\repository\org\apache\httpcomponents\httpcore\4.4.13\httpcore-4.4.13.jar;C:\Users\Joyce\.m2\repository\commons-logging\commons-logging\1.2\commons-logging-1.2.jar;C:\Users\Joyce\.m2\repository\commons-codec\commons-codec\1.11\commons-codec-1.11.jar;C:\Users\Joyce\.m2\repository\com\fasterxml\jackson\core\jackson-databind\2.14.0\jackson-databind-2.14.0.jar;C:\Users\Joyce\.m2\repository\com\fasterxml\jackson\core\jackson-annotations\2.14.0\jackson-annotations-2.14.0.jar;C:\Users\Joyce\.m2\repository\com\fasterxml\jackson\core\jackson-core\2.14.0\jackson-core-2.14.0.jar;C:\Users\Joyce\.m2\repository\org\apache\maven\maven-plugin-api\3.8.6\maven-plugin-api-3.8.6.jar;C:\Users\Joyce\.m2\repository\org\codehaus\plexus\plexus-utils\3.3.1\plexus-utils-3.3.1.jar;C:\Users\Joyce\.m2\repository\org\codehaus\plexus\plexus-classworlds\2.6.0\plexus-classworlds-2.6.0.jar;C:\Users\Joyce\.m2\repository\org\apache\maven\maven-core\3.8.6\maven-core-3.8.6.jar;C:\Users\Joyce\.m2\repository\org\apache\maven\maven-model\3.8.6\maven-model-3.8.6.jar;C:\Users\Joyce\.m2\repository\org\apache\maven\maven-settings\3.8.6\maven-settings-3.8.6.jar;C:\Users\Joyce\.m2\repository\org\apache\maven\maven-settings-builder\3.8.6\maven-settings-builder-3.8.6.jar;C:\Users\Joyce\.m2\repository\org\codehaus\plexus\plexus-sec-dispatcher\2.0\plexus-sec-dispatcher-2.0.jar;C:\Users\Joyce\.m2\repository\org\codehaus\plexus\plexus-cipher\2.0\plexus-cipher-2.0.jar;C:\Users\Joyce\.m2\repository\org\apache\maven\maven-builder-support\3.8.6\maven-builder-support-3.8.6.jar;C:\Users\Joyce\.m2\repository\org\apache\maven\maven-repository-metadata\3.8.6\maven-repository-metadata-3.8.6.jar;C:\Users\Joyce\.m2\repository\org\apache\maven\maven-artifact\3.8.6\maven-artifact-3.8.6.jar;C:\Users\Joyce\.m2\repository\org\apache\maven\maven-model-builder\3.8.6\maven-model-builder-3.8.6.jar;C:\Users\Joyce\.m2\repository\org\apache\maven\maven-resolver-provider\3.8.6\maven-resolver-provider-3.8.6.jar;C:\Users\Joyce\.m2\repository\org\apache\maven\resolver\maven-resolver-impl\1.6.3\maven-resolver-impl-1.6.3.jar;C:\Users\Joyce\.m2\repository\org\apache\maven\resolver\maven-resolver-api\1.6.3\maven-resolver-api-1.6.3.jar;C:\Users\Joyce\.m2\repository\org\apache\maven\resolver\maven-resolver-spi\1.6.3\maven-resolver-spi-1.6.3.jar;C:\Users\Joyce\.m2\repository\org\apache\maven\resolver\maven-resolver-util\1.6.3\maven-resolver-util-1.6.3.jar;C:\Users\Joyce\.m2\repository\org\apache\maven\shared\maven-shared-utils\3.3.4\maven-shared-utils-3.3.4.jar;C:\Users\Joyce\.m2\repository\org\eclipse\sisu\org.eclipse.sisu.plexus\0.3.5\org.eclipse.sisu.plexus-0.3.5.jar;C:\Users\Joyce\.m2\repository\javax\annotation\javax.annotation-api\1.2\javax.annotation-api-1.2.jar;C:\Users\Joyce\.m2\repository\org\eclipse\sisu\org.eclipse.sisu.inject\0.3.5\org.eclipse.sisu.inject-0.3.5.jar;C:\Users\Joyce\.m2\repository\com\google\inject\guice\4.2.2\guice-4.2.2-no_aop.jar;C:\Users\Joyce\.m2\repository\aopalliance\aopalliance\1.0\aopalliance-1.0.jar;C:\Users\Joyce\.m2\repository\javax\inject\javax.inject\1\javax.inject-1.jar;C:\Users\Joyce\.m2\repository\org\codehaus\plexus\plexus-interpolation\1.26\plexus-interpolation-1.26.jar;C:\Users\Joyce\.m2\repository\org\codehaus\plexus\plexus-component-annotations\2.1.0\plexus-component-annotations-2.1.0.jar;C:\Users\Joyce\.m2\repository\org\apache\maven\reporting\maven-reporting-impl\3.0.0\maven-reporting-impl-3.0.0.jar;C:\Users\Joyce\.m2\repository\org\apache\maven\reporting\maven-reporting-api\3.0\maven-reporting-api-3.0.jar;C:\Users\Joyce\.m2\repository\org\apache\maven\doxia\doxia-sink-api\1.7\doxia-sink-api-1.7.jar;C:\Users\Joyce\.m2\repository\org\apache\maven\doxia\doxia-logging-api\1.7\doxia-logging-api-1.7.jar;C:\Users\Joyce\.m2\repository\org\apache\maven\doxia\doxia-decoration-model\1.7.4\doxia-decoration-model-1.7.4.jar;C:\Users\Joyce\.m2\repository\org\apache\maven\doxia\doxia-core\1.7\doxia-core-1.7.jar;C:\Users\Joyce\.m2\repository\org\codehaus\plexus\plexus-container-default\1.0-alpha-30\plexus-container-default-1.0-alpha-30.jar;C:\Users\Joyce\.m2\repository\junit\junit\3.8.1\junit-3.8.1.jar;C:\Users\Joyce\.m2\repository\commons-lang\commons-lang\2.4\commons-lang-2.4.jar;C:\Users\Joyce\.m2\repository\xmlunit\xmlunit\1.5\xmlunit-1.5.jar;C:\Users\Joyce\.m2\repository\org\apache\maven\doxia\doxia-site-renderer\1.7.4\doxia-site-renderer-1.7.4.jar;C:\Users\Joyce\.m2\repository\org\apache\maven\doxia\doxia-skin-model\1.7.4\doxia-skin-model-1.7.4.jar;C:\Users\Joyce\.m2\repository\org\apache\maven\doxia\doxia-module-xhtml\1.7\doxia-module-xhtml-1.7.jar;C:\Users\Joyce\.m2\repository\org\codehaus\plexus\plexus-i18n\1.0-beta-7\plexus-i18n-1.0-beta-7.jar;C:\Users\Joyce\.m2\repository\org\codehaus\plexus\plexus-velocity\1.2\plexus-velocity-1.2.jar;C:\Users\Joyce\.m2\repository\org\apache\velocity\velocity\1.7\velocity-1.7.jar;C:\Users\Joyce\.m2\repository\org\apache\velocity\velocity-tools\2.0\velocity-tools-2.0.jar;C:\Users\Joyce\.m2\repository\commons-digester\commons-digester\1.8\commons-digester-1.8.jar;C:\Users\Joyce\.m2\repository\commons-chain\commons-chain\1.1\commons-chain-1.1.jar;C:\Users\Joyce\.m2\repository\commons-validator\commons-validator\1.3.1\commons-validator-1.3.1.jar;C:\Users\Joyce\.m2\repository\dom4j\dom4j\1.1\dom4j-1.1.jar;C:\Users\Joyce\.m2\repository\oro\oro\2.0.8\oro-2.0.8.jar;C:\Users\Joyce\.m2\repository\sslext\sslext\1.2-0\sslext-1.2-0.jar;C:\Users\Joyce\.m2\repository\org\apache\struts\struts-core\1.3.8\struts-core-1.3.8.jar;C:\Users\Joyce\.m2\repository\antlr\antlr\2.7.2\antlr-2.7.2.jar;C:\Users\Joyce\.m2\repository\org\apache\struts\struts-taglib\1.3.8\struts-taglib-1.3.8.jar;C:\Users\Joyce\.m2\repository\org\apache\struts\struts-tiles\1.3.8\struts-tiles-1.3.8.jar;C:\Users\Joyce\.m2\repository\org\apache\maven\shared\maven-artifact-transfer\0.13.1\maven-artifact-transfer-0.13.1.jar;C:\Users\Joyce\.m2\repository\org\apache\maven\shared\maven-common-artifact-filters\3.1.0\maven-common-artifact-filters-3.1.0.jar;C:\Users\Joyce\.m2\repository\org\sonatype\sisu\sisu-inject-plexus\1.4.2\sisu-inject-plexus-1.4.2.jar;C:\Users\Joyce\.m2\repository\org\sonatype\sisu\sisu-inject-bean\1.4.2\sisu-inject-bean-1.4.2.jar;C:\Users\Joyce\.m2\repository\org\sonatype\sisu\sisu-guice\2.1.7\sisu-guice-2.1.7-noaop.jar;C:\Users\Joyce\.m2\repository\commons-beanutils\commons-beanutils\1.9.4\commons-beanutils-1.9.4.jar;C:\Users\Joyce\.m2\repository\commons-collections\commons-collections\3.2.2\commons-collections-3.2.2.jar;C:\Users\Joyce\.m2\repository\net\lingala\zip4j\zip4j\1.3.3\zip4j-1.3.3.jar;C:\Users\Joyce\.m2\repository\org\apache\commons\commons-exec\1.3\commons-exec-1.3.jar;C:\Users\Joyce\.m2\repository\org\apache\maven\plugin-tools\maven-plugin-annotations\3.7.0\maven-plugin-annotations-3.7.0.jar;C:\Users\Joyce\.m2\repository\org\apache\maven\plugins\maven-jxr-plugin\3.3.0\maven-jxr-plugin-3.3.0.jar;C:\Users\Joyce\.m2\repository\org\apache\maven\maven-jxr\3.3.0\maven-jxr-3.3.0.jar;C:\Users\Joyce\.m2\repository\org\apache\maven\wagon\wagon-provider-api\2.8\wagon-provider-api-2.8.jar;C:\Users\Joyce\.m2\repository\org\codehaus\plexus\plexus-java\1.1.1\plexus-java-1.1.1.jar;C:\Users\Joyce\.m2\repository\org\ow2\asm\asm\9.2\asm-9.2.jar;C:\Users\Joyce\.m2\repository\com\thoughtworks\qdox\qdox\2.0.1\qdox-2.0.1.jar;"/>
    <property name="sun.cpu.endian" value="little"/>
    <property name="user.home" value="C:\Users\Joyce"/>
    <property name="user.language" value="en"/>
    <property name="java.specification.vendor" value="Oracle Corporation"/>
    <property name="java.version.date" value="2024-07-16"/>
    <property name="java.home" value="C:\Program Files\Java\jdk-21"/>
    <property name="file.separator" value="\"/>
    <property name="basedir" value="C:\Users\Joyce\Java_Baidu\baidu-edge-test"/>
    <property name="java.vm.compressedOopsMode" value="Zero based"/>
    <property name="line.separator" value="&#10;"/>
    <property name="java.vm.specification.vendor" value="Oracle Corporation"/>
    <property name="java.specification.name" value="Java Platform API Specification"/>
    <property name="surefire.real.class.path" value="C:\Users\Joyce\AppData\Local\Temp\surefire9290257210687933946\surefirebooter-20250302155513449_3.jar"/>
    <property name="user.script" value=""/>
    <property name="sun.management.compiler" value="HotSpot 64-Bit Tiered Compilers"/>
    <property name="java.runtime.version" value="21.0.4+8-LTS-274"/>
    <property name="webdriver.edge.driver" value="C:\Users\Joyce\.cache\selenium\msedgedriver\win64\133.0.3065.92\msedgedriver.exe"/>
    <property name="user.name" value="Joyce"/>
    <property name="stdout.encoding" value="Cp1252"/>
    <property name="path.separator" value=";"/>
    <property name="os.version" value="10.0"/>
    <property name="java.runtime.name" value="Java(TM) SE Runtime Environment"/>
    <property name="file.encoding" value="UTF-8"/>
    <property name="java.vm.name" value="Java HotSpot(TM) 64-Bit Server VM"/>
    <property name="localRepository" value="C:\Users\Joyce\.m2\repository"/>
    <property name="java.vendor.url.bug" value="https://bugreport.java.com/bugreport/"/>
    <property name="java.io.tmpdir" value="C:\Users\Joyce\AppData\Local\Temp\"/>
    <property name="java.version" value="21.0.4"/>
    <property name="user.dir" value="C:\Users\Joyce\Java_Baidu\baidu-edge-test"/>
    <property name="os.arch" value="amd64"/>
    <property name="java.vm.specification.name" value="Java Virtual Machine Specification"/>
    <property name="sun.os.patch.level" value=""/>
    <property name="native.encoding" value="Cp1252"/>
    <property name="java.library.path" value="C:\Program Files\Java\jdk-21\bin;C:\WINDOWS\Sun\Java\bin;C:\WINDOWS\system32;C:\WINDOWS;C:\Users\Joyce\Install\python\Scripts\;C:\Users\Joyce\Install\python\;C:\Program Files\Common Files\Oracle\Java\javapath;C:\WINDOWS\system32;C:\WINDOWS;C:\WINDOWS\System32\Wbem;C:\WINDOWS\System32\WindowsPowerShell\v1.0\;C:\WINDOWS\System32\OpenSSH\;C:\Program Files\Java\jdk-21\bin;C:\Program Files\Java\jdk-21\jre\bin;C:\Users\Joyce\Install\chromedriver-win64;C:\Users\Joyce\Install\allure-2.28.0\bin;C:\Program Files\Git\cmd;C:\Users\Joyce\Install\maven\apache-maven-3.9.9\bin;C:\Program Files\nodejs\;C:\Users\Joyce\AppData\Local\Microsoft\WindowsApps;C:\Program Files\JetBrains\PyCharm 2021.3.3\bin;C:\Users\Joyce\AppData\Local\JetBrains\Toolbox\scripts;C:\Users\Joyce\AppData\Local\Programs\Fiddler;C:\Users\Joyce\AppData\Local\Microsoft\WindowsApps;C:\Program Files\JetBrains\IntelliJ IDEA Community Edition 2024.2.2\bin;;C:\Program Files\nodejs\node_global;C:\Users\Joyce\AppData\Local\Programs\Microsoft VS Code\bin;;c:\Users\Joyce\AppData\Roaming\Code\User\globalStorage\github.copilot-chat\debugCommand;."/>
    <property name="java.vm.info" value="mixed mode, sharing"/>
    <property name="stderr.encoding" value="Cp1252"/>
    <property name="java.vendor" value="Oracle Corporation"/>
    <property name="java.vm.version" value="21.0.4+8-LTS-274"/>
    <property name="sun.io.unicode.encoding" value="UnicodeLittle"/>
    <property name="java.class.version" value="65.0"/>
  </properties>
  <testcase name="testBasicSearchFunctionality" classname="tests.SearchTest" time="1.36">
    <system-out><![CDATA[page current URL is: https://www.baidu.com/s?ie=utf-8&f=8&rsv_bp=1&rsv_idx=1&tn=baidu&wd=Selenium%20Automation&fenlei=256&rsv_pq=0x8dbc26e30000b26d&rsv_t=069aKCIxLV4uRW3Vy6agAXETpHV6Cp7M7uKL%2B5l4CxEVEd1O7gNq4wMuMNL7&rqlang=en&rsv_enter=0&rsv_dl=tb&rsv_sug3=19&rsv_btype=i&inputT=236&rsv_sug4=236
]]></system-out>
    <system-err><![CDATA[SLF4J(W): No SLF4J providers were found.
SLF4J(W): Defaulting to no-operation (NOP) logger implementation
SLF4J(W): See https://www.slf4j.org/codes.html#noProviders for further details.
Mar 02, 2025 3:55:16 PM org.openqa.selenium.devtools.CdpVersionFinder findNearestMatch
WARNING: Unable to find CDP implementation matching 133
Mar 02, 2025 3:55:16 PM org.openqa.selenium.chromium.ChromiumDriver lambda$new$5
WARNING: Unable to find version of CDP to use for 133.0.3065.92. You may need to include a dependency on a specific version of the CDP using something similar to `org.seleniumhq.selenium:selenium-devtools-v86:4.16.1` where the version ("v86") matches the version of the chromium-based browser you're using and the version number of the artifact is the same as Selenium's.
]]></system-err>
  </testcase>
</testsuite>