<?xml version="1.0" encoding="UTF-8"?>
<!-- Generated by org.testng.reporters.JUnitReportReporter -->
<testsuite hostname="Laptop-Joyce" failures="0" tests="1" name="tests.SearchTest" time="2.751" errors="0" timestamp="2025-03-02T11:37:00 CST" skipped="0">
  <testcase classname="tests.SearchTest" name="testBasicSearchFunctionality" time="2.751"/>
</testsuite> <!-- tests.SearchTest -->
